<html>
<head>
<title>TestNG:  Surefire test</title>
<link href="../testng.css" rel="stylesheet" type="text/css" />
<link href="../my-testng.css" rel="stylesheet" type="text/css" />

<style type="text/css">
.log { display: none;} 
.stack-trace { display: none;} 
</style>
<script type="text/javascript">
<!--
function flip(e) {
  current = e.style.display;
  if (current == 'block') {
    e.style.display = 'none';
    return 0;
  }
  else {
    e.style.display = 'block';
    return 1;
  }
}

function toggleBox(szDivId, elem, msg1, msg2)
{
  var res = -1;  if (document.getElementById) {
    res = flip(document.getElementById(szDivId));
  }
  else if (document.all) {
    // this is the way old msie versions work
    res = flip(document.all[szDivId]);
  }
  if(elem) {
    if(res == 0) elem.innerHTML = msg1; else elem.innerHTML = msg2;
  }

}

function toggleAllBoxes() {
  if (document.getElementsByTagName) {
    d = document.getElementsByTagName('div');
    for (i = 0; i < d.length; i++) {
      if (d[i].className == 'log') {
        flip(d[i]);
      }
    }
  }
}

// -->
</script>

</head>
<body>
<h2 align='center'>Surefire test</h2><table border='1' align="center">
<tr>
<td>Tests passed/Failed/Skipped:</td><td>1/1/0</td>
</tr><tr>
<td>Started on:</td><td>Thu Apr 11 13:27:42 IST 2024</td>
</tr>
<tr><td>Total time:</td><td>82 seconds (82871 ms)</td>
</tr><tr>
<td>Included groups:</td><td></td>
</tr><tr>
<td>Excluded groups:</td><td></td>
</tr>
</table><p/>
<small><i>(Hover the method name to see the test class name)</i></small><p/>
<table width='100%' border='1' class='invocation-failed'>
<tr><td colspan='4' align='center'><b>FAILED CONFIGURATIONS</b></td></tr>
<tr><td><b>Test method</b></td>
<td width="30%"><b>Exception</b></td>
<td width="10%"><b>Time (seconds)</b></td>
<td><b>Instance</b></td>
</tr>
<tr>
<td title='runner.CucumberRunner.tearDownClass()'><b>tearDownClass</b><br>Test class: runner.CucumberRunner</td>
<td><div><pre>java.lang.RuntimeException: java.io.IOException: HTTP request failed:
&gt; PUT https://cucumber-messages-app-s3bucket-61aropwgu4ox.s3.eu-west-3.amazonaws.com/reports/551c1619-5d46-44b2-b1e0-03d414d57ded?X-Amz-Algorithm=AWS4-HMAC-SHA256&amp;X-Amz-Credential=ASIAWE4HTFKN3QBGRCHO%2F20240411%2Feu-west-3%2Fs3%2Faws4_request&amp;X-Amz-Date=20240411T075819Z&amp;X-Amz-Expires=900&amp;X-Amz-Security-Token=IQoJb3JpZ2luX2VjEAgaCWV1LXdlc3QtMyJHMEUCIQCRGOoRZHONNWSsdQTvm5pq74PcOyEtdhxppKdxiY%2FHXwIgVMXTrUFyX5KLYN5RkAQGh6JwPjtFnSp4tp1f3SIiY%2FUqvQMIQRADGgw0MjI4MDE3NzkzNTUiDNjN7UfU%2BTBzhoZ7diqaA5sfGE0NNPCrUtc9WW2q5RQElgVuRnT1SZJ2orSBXBTBCmbTzkH7HUWVfVtwIcao1ZQaYNpt4TBmH0DVGlZ%2BTDHpNCfmNc9vEwrFmQR5ELM%2BcKBJmRAi%2BMD9o1rUmxditge4YtUEHSDCFS1AuaYf76mcfsoqaO9Os8%2BBRRpFYBaLH8S6JL%2Fgh9RR71nHb7cbXMBwanmAM8rcRDp6sYXUMGSA8b%2FU2O%2FJHTDKScVVE60GRkt8q7wlT16ZnFDqWPJ3VZTQQGtuAwWLQrk9jpo%2F3l43rckTKE1Qlog3XDoEuEYasFxq75RMP2UFeD7YlbJeYHR6Jaua%2FdsUmpS691rWTLGnYbRA4wCnhSsHWUNGFHXP%2BonHrxJ1ZlW%2BlI6xgfe%2Fs2%2FyTo2Pozy8JPxKJ9SpngMDCLd86068hGPvoorpoitaHgdl%2Fj5wUT%2FS5kXVnk9UBWN%2BUjxa7xn7i8I6KiV9sSWkDOxp17xPQOAq7s3ylpdD8B57jY34rPKMerpvCYQdJGsw2izOi67YmyGYFNVmbcsZflX6LNukWxo5MJmn3rAGOp4BYb5QYM%2FF95%2FCVZJOwBJxsIJ%2FKvhHuLV3y0gAQk%2FwBpIzZ7oGRh4YBw0kpLB6MDsz1e34F3VfCTC317KBC5M2kXaAwEMqCx7Xqe9fit3t1%2BNGezqsFoy2J80qekTsvIm0Phea1ckYgY21t6LN3FkmvfVw3XWjka1uo134wEuzlD%2FkMh9cZSt9wB0R6V%2FLY39%2FuKfsL%2BgKA4PKLU%2FlZ%2Bk%3D&amp;X-Amz-Signature=9f0a00e0e4ee3f512c7839a32c78e78b85db2b0a0ffd7eec1f6f0db5f9e17672&amp;X-Amz-SignedHeaders=host


	at io.cucumber.core.plugin.MessageFormatter.writeMessage(MessageFormatter.java:32)
	at io.cucumber.core.eventbus.AbstractEventPublisher.send(AbstractEventPublisher.java:51)
	at io.cucumber.core.eventbus.AbstractEventBus.send(AbstractEventBus.java:12)
	at io.cucumber.core.runtime.SynchronizedEventBus.send(SynchronizedEventBus.java:47)
	at io.cucumber.core.runtime.CucumberExecutionContext.emitTestRunFinished(CucumberExecutionContext.java:117)
	at io.cucumber.core.runtime.CucumberExecutionContext.finishTestRun(CucumberExecutionContext.java:98)
	at io.cucumber.testng.TestNGCucumberRunner.finish(TestNGCucumberRunner.java:145)
	at io.cucumber.testng.AbstractTestNGCucumberTests.tearDownClass(AbstractTestNGCucumberTests.java:57)
	at java.base/java.util.ArrayList.forEach(ArrayList.java:1511)
Caused by: java.io.IOException: HTTP request failed:
&gt; PUT https://cucumber-messages-app-s3bucket-61aropwgu4ox.s3.eu-west-3.amazonaws.com/reports/551c1619-5d46-44b2-b1e0-03d414d57ded?X-Amz-Algorithm=AWS4-HMAC-SHA256&amp;X-Amz-Credential=ASIAWE4HTFKN3QBGRCHO%2F20240411%2Feu-west-3%2Fs3%2Faws4_request&amp;X-Amz-Date=20240411T075819Z&amp;X-Amz-Expires=900&amp;X-Amz-Security-Token=IQoJb3JpZ2luX2VjEAgaCWV1LXdlc3QtMyJHMEUCIQCRGOoRZHONNWSsdQTvm5pq74PcOyEtdhxppKdxiY%2FHXwIgVMXTrUFyX5KLYN5RkAQGh6JwPjtFnSp4tp1f3SIiY%2FUqvQMIQRADGgw0MjI4MDE3NzkzNTUiDNjN7UfU%2BTBzhoZ7diqaA5sfGE0NNPCrUtc9WW2q5RQElgVuRnT1SZJ2orSBXBTBCmbTzkH7HUWVfVtwIcao1ZQaYNpt4TBmH0DVGlZ%2BTDHpNCfmNc9vEwrFmQR5ELM%2BcKBJmRAi%2BMD9o1rUmxditge4YtUEHSDCFS1AuaYf76mcfsoqaO9Os8%2BBRRpFYBaLH8S6JL%2Fgh9RR71nHb7cbXMBwanmAM8rcRDp6sYXUMGSA8b%2FU2O%2FJHTDKScVVE60GRkt8q7wlT16ZnFDqWPJ3VZTQQGtuAwWLQrk9jpo%2F3l43rckTKE1Qlog3XDoEuEYasFxq75RMP2UFeD7YlbJeYHR6Jaua%2FdsUmpS691rWTLGnYbRA4wCnhSsHWUNGFHXP%2BonHrxJ1ZlW%2BlI6xgfe%2Fs2%2FyTo2Pozy8JPxKJ9SpngMDCLd86068hGPvoorpoitaHgdl%2Fj5wUT%2FS5kXVnk9UBWN%2BUjxa7xn7i8I6KiV9sSWkDOxp17xPQOAq7s3ylpdD8B57jY34rPKMerpvCYQdJGsw2izOi67YmyGYFNVmbcsZflX6LNukWxo5MJmn3rAGOp4BYb5QYM%2FF95%2FCVZJOwBJxsIJ%2FKvhHuLV3y0gAQk%2FwBpIzZ7oGRh4YBw0kpLB6MDsz1e34F3VfCTC317KBC5M2kXaAwEMqCx7Xqe9fit3t1%2BNGezqsFoy2J80qekTsvIm0Phea1ckYgY21t6LN3FkmvfVw3XWjka1uo134wEuzlD%2FkMh9cZSt9wB0R6V%2FLY39%2FuKfsL%2BgKA4PKLU%2FlZ%2Bk%3D&amp;X-Amz-Signature=9f0a00e0e4ee3f512c7839a32c78e78b85db2b0a0ffd7eec1f6f0db5f9e17672&amp;X-Amz-SignedHeaders=host


	at io.cucumber.core.plugin.UrlOutputStream.createCurlLikeException(UrlOutputStream.java:150)
	at io.cucumber.core.plugin.UrlOutputStream.sendRequestBody(UrlOutputStream.java:116)
	at io.cucumber.core.plugin.UrlOutputStream.sendRequest(UrlOutputStream.java:94)
	at io.cucumber.core.plugin.UrlOutputStream.sendRequest(UrlOutputStream.java:90)
	at io.cucumber.core.plugin.UrlOutputStream.close(UrlOutputStream.java:65)
	at java.base/sun.nio.cs.StreamEncoder.implClose(StreamEncoder.java:443)
	at java.base/sun.nio.cs.StreamEncoder.lockedClose(StreamEncoder.java:241)
	at java.base/sun.nio.cs.StreamEncoder.close(StreamEncoder.java:232)
	at java.base/java.io.OutputStreamWriter.close(OutputStreamWriter.java:267)
	at io.cucumber.core.plugin.MessageFormatter.writeMessage(MessageFormatter.java:29)
	... 36 more
Caused by: javax.net.ssl.SSLHandshakeException: Remote host terminated the handshake
	at java.base/sun.security.ssl.SSLSocketImpl.handleEOF(SSLSocketImpl.java:1718)
	at java.base/sun.security.ssl.SSLSocketImpl.decode(SSLSocketImpl.java:1518)
	at java.base/sun.security.ssl.SSLSocketImpl.readHandshakeRecord(SSLSocketImpl.java:1425)
	at java.base/sun.security.ssl.SSLSocketImpl.startHandshake(SSLSocketImpl.java:455)
	at java.base/sun.security.ssl.SSLSocketImpl.startHandshake(SSLSocketImpl.java:426)
	at java.base/sun.net.www.protocol.https.HttpsClient.afterConnect(HttpsClient.java:578)
	at java.base/sun.net.www.protocol.https.AbstractDelegateHttpsURLConnection.connect(AbstractDelegateHttpsURLConnection.java:187)
	at java.base/sun.net.www.protocol.http.HttpURLConnection.getOutputStream0(HttpURLConnection.java:1429)
	at java.base/sun.net.www.protocol.http.HttpURLConnection.getOutputStream(HttpURLConnection.java:1400)
	at java.base/sun.net.www.protocol.https.HttpsURLConnectionImpl.getOutputStream(HttpsURLConnectionImpl.java:220)
	at io.cucumber.core.plugin.UrlOutputStream.sendRequestBody(UrlOutputStream.java:111)
	... 44 more
Caused by: java.io.EOFException: SSL peer shut down incorrectly
	at java.base/sun.security.ssl.SSLSocketInputRecord.read(SSLSocketInputRecord.java:482)
	at java.base/sun.security.ssl.SSLSocketInputRecord.readHeader(SSLSocketInputRecord.java:471)
	at java.base/sun.security.ssl.SSLSocketInputRecord.decode(SSLSocketInputRecord.java:160)
	at java.base/sun.security.ssl.SSLTransport.decode(SSLTransport.java:111)
	at java.base/sun.security.ssl.SSLSocketImpl.decode(SSLSocketImpl.java:1510)
	... 53 more
... Removed 28 stack frames</pre></div><a href='#' onClick='toggleBox("stack-trace1415812333", this, "Click to show all stack frames", "Click to hide stack frames")'>Click to show all stack frames</a>
<div class='stack-trace' id='stack-trace1415812333'><pre>java.lang.RuntimeException: java.io.IOException: HTTP request failed:
&gt; PUT https://cucumber-messages-app-s3bucket-61aropwgu4ox.s3.eu-west-3.amazonaws.com/reports/551c1619-5d46-44b2-b1e0-03d414d57ded?X-Amz-Algorithm=AWS4-HMAC-SHA256&amp;X-Amz-Credential=ASIAWE4HTFKN3QBGRCHO%2F20240411%2Feu-west-3%2Fs3%2Faws4_request&amp;X-Amz-Date=20240411T075819Z&amp;X-Amz-Expires=900&amp;X-Amz-Security-Token=IQoJb3JpZ2luX2VjEAgaCWV1LXdlc3QtMyJHMEUCIQCRGOoRZHONNWSsdQTvm5pq74PcOyEtdhxppKdxiY%2FHXwIgVMXTrUFyX5KLYN5RkAQGh6JwPjtFnSp4tp1f3SIiY%2FUqvQMIQRADGgw0MjI4MDE3NzkzNTUiDNjN7UfU%2BTBzhoZ7diqaA5sfGE0NNPCrUtc9WW2q5RQElgVuRnT1SZJ2orSBXBTBCmbTzkH7HUWVfVtwIcao1ZQaYNpt4TBmH0DVGlZ%2BTDHpNCfmNc9vEwrFmQR5ELM%2BcKBJmRAi%2BMD9o1rUmxditge4YtUEHSDCFS1AuaYf76mcfsoqaO9Os8%2BBRRpFYBaLH8S6JL%2Fgh9RR71nHb7cbXMBwanmAM8rcRDp6sYXUMGSA8b%2FU2O%2FJHTDKScVVE60GRkt8q7wlT16ZnFDqWPJ3VZTQQGtuAwWLQrk9jpo%2F3l43rckTKE1Qlog3XDoEuEYasFxq75RMP2UFeD7YlbJeYHR6Jaua%2FdsUmpS691rWTLGnYbRA4wCnhSsHWUNGFHXP%2BonHrxJ1ZlW%2BlI6xgfe%2Fs2%2FyTo2Pozy8JPxKJ9SpngMDCLd86068hGPvoorpoitaHgdl%2Fj5wUT%2FS5kXVnk9UBWN%2BUjxa7xn7i8I6KiV9sSWkDOxp17xPQOAq7s3ylpdD8B57jY34rPKMerpvCYQdJGsw2izOi67YmyGYFNVmbcsZflX6LNukWxo5MJmn3rAGOp4BYb5QYM%2FF95%2FCVZJOwBJxsIJ%2FKvhHuLV3y0gAQk%2FwBpIzZ7oGRh4YBw0kpLB6MDsz1e34F3VfCTC317KBC5M2kXaAwEMqCx7Xqe9fit3t1%2BNGezqsFoy2J80qekTsvIm0Phea1ckYgY21t6LN3FkmvfVw3XWjka1uo134wEuzlD%2FkMh9cZSt9wB0R6V%2FLY39%2FuKfsL%2BgKA4PKLU%2FlZ%2Bk%3D&amp;X-Amz-Signature=9f0a00e0e4ee3f512c7839a32c78e78b85db2b0a0ffd7eec1f6f0db5f9e17672&amp;X-Amz-SignedHeaders=host


	at io.cucumber.core.plugin.MessageFormatter.writeMessage(MessageFormatter.java:32)
	at io.cucumber.core.eventbus.AbstractEventPublisher.send(AbstractEventPublisher.java:51)
	at io.cucumber.core.eventbus.AbstractEventBus.send(AbstractEventBus.java:12)
	at io.cucumber.core.runtime.SynchronizedEventBus.send(SynchronizedEventBus.java:47)
	at io.cucumber.core.runtime.CucumberExecutionContext.emitTestRunFinished(CucumberExecutionContext.java:117)
	at io.cucumber.core.runtime.CucumberExecutionContext.finishTestRun(CucumberExecutionContext.java:98)
	at io.cucumber.testng.TestNGCucumberRunner.finish(TestNGCucumberRunner.java:145)
	at io.cucumber.testng.AbstractTestNGCucumberTests.tearDownClass(AbstractTestNGCucumberTests.java:57)
	at java.base/jdk.internal.reflect.DirectMethodHandleAccessor.invoke(DirectMethodHandleAccessor.java:104)
	at java.base/java.lang.reflect.Method.invoke(Method.java:578)
	at org.testng.internal.MethodInvocationHelper.invokeMethod(MethodInvocationHelper.java:133)
	at org.testng.internal.MethodInvocationHelper.invokeMethodConsideringTimeout(MethodInvocationHelper.java:62)
	at org.testng.internal.ConfigInvoker.invokeConfigurationMethod(ConfigInvoker.java:385)
	at org.testng.internal.ConfigInvoker.invokeConfigurations(ConfigInvoker.java:321)
	at org.testng.internal.TestMethodWorker.invokeAfterClassMethods(TestMethodWorker.java:217)
	at org.testng.internal.TestMethodWorker.run(TestMethodWorker.java:130)
	at java.base/java.util.ArrayList.forEach(ArrayList.java:1511)
	at org.testng.TestRunner.privateRun(TestRunner.java:794)
	at org.testng.TestRunner.run(TestRunner.java:596)
	at org.testng.SuiteRunner.runTest(SuiteRunner.java:377)
	at org.testng.SuiteRunner.runSequentially(SuiteRunner.java:371)
	at org.testng.SuiteRunner.privateRun(SuiteRunner.java:332)
	at org.testng.SuiteRunner.run(SuiteRunner.java:276)
	at org.testng.SuiteRunnerWorker.runSuite(SuiteRunnerWorker.java:53)
	at org.testng.SuiteRunnerWorker.run(SuiteRunnerWorker.java:96)
	at org.testng.TestNG.runSuitesSequentially(TestNG.java:1212)
	at org.testng.TestNG.runSuitesLocally(TestNG.java:1134)
	at org.testng.TestNG.runSuites(TestNG.java:1063)
	at org.testng.TestNG.run(TestNG.java:1031)
	at org.apache.maven.surefire.testng.TestNGExecutor.run(TestNGExecutor.java:136)
	at org.apache.maven.surefire.testng.TestNGDirectoryTestSuite.executeMulti(TestNGDirectoryTestSuite.java:193)
	at org.apache.maven.surefire.testng.TestNGDirectoryTestSuite.execute(TestNGDirectoryTestSuite.java:94)
	at org.apache.maven.surefire.testng.TestNGProvider.invoke(TestNGProvider.java:145)
	at org.apache.maven.surefire.booter.ForkedBooter.runSuitesInProcess(ForkedBooter.java:428)
	at org.apache.maven.surefire.booter.ForkedBooter.execute(ForkedBooter.java:162)
	at org.apache.maven.surefire.booter.ForkedBooter.run(ForkedBooter.java:562)
	at org.apache.maven.surefire.booter.ForkedBooter.main(ForkedBooter.java:548)
Caused by: java.io.IOException: HTTP request failed:
&gt; PUT https://cucumber-messages-app-s3bucket-61aropwgu4ox.s3.eu-west-3.amazonaws.com/reports/551c1619-5d46-44b2-b1e0-03d414d57ded?X-Amz-Algorithm=AWS4-HMAC-SHA256&amp;X-Amz-Credential=ASIAWE4HTFKN3QBGRCHO%2F20240411%2Feu-west-3%2Fs3%2Faws4_request&amp;X-Amz-Date=20240411T075819Z&amp;X-Amz-Expires=900&amp;X-Amz-Security-Token=IQoJb3JpZ2luX2VjEAgaCWV1LXdlc3QtMyJHMEUCIQCRGOoRZHONNWSsdQTvm5pq74PcOyEtdhxppKdxiY%2FHXwIgVMXTrUFyX5KLYN5RkAQGh6JwPjtFnSp4tp1f3SIiY%2FUqvQMIQRADGgw0MjI4MDE3NzkzNTUiDNjN7UfU%2BTBzhoZ7diqaA5sfGE0NNPCrUtc9WW2q5RQElgVuRnT1SZJ2orSBXBTBCmbTzkH7HUWVfVtwIcao1ZQaYNpt4TBmH0DVGlZ%2BTDHpNCfmNc9vEwrFmQR5ELM%2BcKBJmRAi%2BMD9o1rUmxditge4YtUEHSDCFS1AuaYf76mcfsoqaO9Os8%2BBRRpFYBaLH8S6JL%2Fgh9RR71nHb7cbXMBwanmAM8rcRDp6sYXUMGSA8b%2FU2O%2FJHTDKScVVE60GRkt8q7wlT16ZnFDqWPJ3VZTQQGtuAwWLQrk9jpo%2F3l43rckTKE1Qlog3XDoEuEYasFxq75RMP2UFeD7YlbJeYHR6Jaua%2FdsUmpS691rWTLGnYbRA4wCnhSsHWUNGFHXP%2BonHrxJ1ZlW%2BlI6xgfe%2Fs2%2FyTo2Pozy8JPxKJ9SpngMDCLd86068hGPvoorpoitaHgdl%2Fj5wUT%2FS5kXVnk9UBWN%2BUjxa7xn7i8I6KiV9sSWkDOxp17xPQOAq7s3ylpdD8B57jY34rPKMerpvCYQdJGsw2izOi67YmyGYFNVmbcsZflX6LNukWxo5MJmn3rAGOp4BYb5QYM%2FF95%2FCVZJOwBJxsIJ%2FKvhHuLV3y0gAQk%2FwBpIzZ7oGRh4YBw0kpLB6MDsz1e34F3VfCTC317KBC5M2kXaAwEMqCx7Xqe9fit3t1%2BNGezqsFoy2J80qekTsvIm0Phea1ckYgY21t6LN3FkmvfVw3XWjka1uo134wEuzlD%2FkMh9cZSt9wB0R6V%2FLY39%2FuKfsL%2BgKA4PKLU%2FlZ%2Bk%3D&amp;X-Amz-Signature=9f0a00e0e4ee3f512c7839a32c78e78b85db2b0a0ffd7eec1f6f0db5f9e17672&amp;X-Amz-SignedHeaders=host


	at io.cucumber.core.plugin.UrlOutputStream.createCurlLikeException(UrlOutputStream.java:150)
	at io.cucumber.core.plugin.UrlOutputStream.sendRequestBody(UrlOutputStream.java:116)
	at io.cucumber.core.plugin.UrlOutputStream.sendRequest(UrlOutputStream.java:94)
	at io.cucumber.core.plugin.UrlOutputStream.sendRequest(UrlOutputStream.java:90)
	at io.cucumber.core.plugin.UrlOutputStream.close(UrlOutputStream.java:65)
	at java.base/sun.nio.cs.StreamEncoder.implClose(StreamEncoder.java:443)
	at java.base/sun.nio.cs.StreamEncoder.lockedClose(StreamEncoder.java:241)
	at java.base/sun.nio.cs.StreamEncoder.close(StreamEncoder.java:232)
	at java.base/java.io.OutputStreamWriter.close(OutputStreamWriter.java:267)
	at io.cucumber.core.plugin.MessageFormatter.writeMessage(MessageFormatter.java:29)
	... 36 more
Caused by: javax.net.ssl.SSLHandshakeException: Remote host terminated the handshake
	at java.base/sun.security.ssl.SSLSocketImpl.handleEOF(SSLSocketImpl.java:1718)
	at java.base/sun.security.ssl.SSLSocketImpl.decode(SSLSocketImpl.java:1518)
	at java.base/sun.security.ssl.SSLSocketImpl.readHandshakeRecord(SSLSocketImpl.java:1425)
	at java.base/sun.security.ssl.SSLSocketImpl.startHandshake(SSLSocketImpl.java:455)
	at java.base/sun.security.ssl.SSLSocketImpl.startHandshake(SSLSocketImpl.java:426)
	at java.base/sun.net.www.protocol.https.HttpsClient.afterConnect(HttpsClient.java:578)
	at java.base/sun.net.www.protocol.https.AbstractDelegateHttpsURLConnection.connect(AbstractDelegateHttpsURLConnection.java:187)
	at java.base/sun.net.www.protocol.http.HttpURLConnection.getOutputStream0(HttpURLConnection.java:1429)
	at java.base/sun.net.www.protocol.http.HttpURLConnection.getOutputStream(HttpURLConnection.java:1400)
	at java.base/sun.net.www.protocol.https.HttpsURLConnectionImpl.getOutputStream(HttpsURLConnectionImpl.java:220)
	at io.cucumber.core.plugin.UrlOutputStream.sendRequestBody(UrlOutputStream.java:111)
	... 44 more
Caused by: java.io.EOFException: SSL peer shut down incorrectly
	at java.base/sun.security.ssl.SSLSocketInputRecord.read(SSLSocketInputRecord.java:482)
	at java.base/sun.security.ssl.SSLSocketInputRecord.readHeader(SSLSocketInputRecord.java:471)
	at java.base/sun.security.ssl.SSLSocketInputRecord.decode(SSLSocketInputRecord.java:160)
	at java.base/sun.security.ssl.SSLTransport.decode(SSLTransport.java:111)
	at java.base/sun.security.ssl.SSLSocketImpl.decode(SSLSocketImpl.java:1510)
	... 53 more
</pre></div></td>
<td>39</td>
<td>runner.CucumberRunner@1863d2fe</td></tr>
</table><p>
<table width='100%' border='1' class='invocation-failed'>
<tr><td colspan='4' align='center'><b>FAILED TESTS</b></td></tr>
<tr><td><b>Test method</b></td>
<td width="30%"><b>Exception</b></td>
<td width="10%"><b>Time (seconds)</b></td>
<td><b>Instance</b></td>
</tr>
<tr>
<td title='runner.CucumberRunner.runScenario()'><b>runScenario</b><br>Test class: runner.CucumberRunner<br>Test method: Runs Cucumber Scenarios<br>Parameters: "Verify order id on placing the order", "Purchase HairProduct functionality of netilfy application"</td>
<td><div><pre>io.cucumber.testng.UndefinedStepException: The step &apos;verify the order id and print in the console&apos; is undefined.
You can implement this step using the snippet(s) below:

@Then(&quot;verify the order id and print in the console&quot;)
public void verify_the_order_id_and_print_in_the_console() {
    // Write code here that turns the phrase above into concrete actions
    throw new io.cucumber.java.PendingException();
}

	at io.cucumber.core.runtime.TestCaseResultObserver.assertTestCasePassed(TestCaseResultObserver.java:69)
	at io.cucumber.testng.TestCaseResultObserver.assertTestCasePassed(TestCaseResultObserver.java:23)
	at io.cucumber.testng.TestNGCucumberRunner.lambda$runScenario$1(TestNGCucumberRunner.java:133)
	at io.cucumber.core.runtime.CucumberExecutionContext.lambda$runTestCase$5(CucumberExecutionContext.java:129)
	at io.cucumber.core.runtime.RethrowingThrowableCollector.executeAndThrow(RethrowingThrowableCollector.java:23)
	at io.cucumber.core.runtime.CucumberExecutionContext.runTestCase(CucumberExecutionContext.java:129)
	at io.cucumber.testng.TestNGCucumberRunner.runScenario(TestNGCucumberRunner.java:129)
	at io.cucumber.testng.AbstractTestNGCucumberTests.runScenario(AbstractTestNGCucumberTests.java:35)
	at java.base/java.util.ArrayList.forEach(ArrayList.java:1511)
... Removed 30 stack frames</pre></div><a href='#' onClick='toggleBox("stack-trace584866226", this, "Click to show all stack frames", "Click to hide stack frames")'>Click to show all stack frames</a>
<div class='stack-trace' id='stack-trace584866226'><pre>io.cucumber.testng.UndefinedStepException: The step &apos;verify the order id and print in the console&apos; is undefined.
You can implement this step using the snippet(s) below:

@Then(&quot;verify the order id and print in the console&quot;)
public void verify_the_order_id_and_print_in_the_console() {
    // Write code here that turns the phrase above into concrete actions
    throw new io.cucumber.java.PendingException();
}

	at io.cucumber.core.runtime.TestCaseResultObserver.assertTestCasePassed(TestCaseResultObserver.java:69)
	at io.cucumber.testng.TestCaseResultObserver.assertTestCasePassed(TestCaseResultObserver.java:23)
	at io.cucumber.testng.TestNGCucumberRunner.lambda$runScenario$1(TestNGCucumberRunner.java:133)
	at io.cucumber.core.runtime.CucumberExecutionContext.lambda$runTestCase$5(CucumberExecutionContext.java:129)
	at io.cucumber.core.runtime.RethrowingThrowableCollector.executeAndThrow(RethrowingThrowableCollector.java:23)
	at io.cucumber.core.runtime.CucumberExecutionContext.runTestCase(CucumberExecutionContext.java:129)
	at io.cucumber.testng.TestNGCucumberRunner.runScenario(TestNGCucumberRunner.java:129)
	at io.cucumber.testng.AbstractTestNGCucumberTests.runScenario(AbstractTestNGCucumberTests.java:35)
	at java.base/jdk.internal.reflect.DirectMethodHandleAccessor.invoke(DirectMethodHandleAccessor.java:104)
	at java.base/java.lang.reflect.Method.invoke(Method.java:578)
	at org.testng.internal.MethodInvocationHelper.invokeMethod(MethodInvocationHelper.java:133)
	at org.testng.internal.TestInvoker.invokeMethod(TestInvoker.java:598)
	at org.testng.internal.TestInvoker.invokeTestMethod(TestInvoker.java:173)
	at org.testng.internal.MethodRunner.runInSequence(MethodRunner.java:46)
	at org.testng.internal.TestInvoker$MethodInvocationAgent.invoke(TestInvoker.java:824)
	at org.testng.internal.TestInvoker.invokeTestMethods(TestInvoker.java:146)
	at org.testng.internal.TestMethodWorker.invokeTestMethods(TestMethodWorker.java:146)
	at org.testng.internal.TestMethodWorker.run(TestMethodWorker.java:128)
	at java.base/java.util.ArrayList.forEach(ArrayList.java:1511)
	at org.testng.TestRunner.privateRun(TestRunner.java:794)
	at org.testng.TestRunner.run(TestRunner.java:596)
	at org.testng.SuiteRunner.runTest(SuiteRunner.java:377)
	at org.testng.SuiteRunner.runSequentially(SuiteRunner.java:371)
	at org.testng.SuiteRunner.privateRun(SuiteRunner.java:332)
	at org.testng.SuiteRunner.run(SuiteRunner.java:276)
	at org.testng.SuiteRunnerWorker.runSuite(SuiteRunnerWorker.java:53)
	at org.testng.SuiteRunnerWorker.run(SuiteRunnerWorker.java:96)
	at org.testng.TestNG.runSuitesSequentially(TestNG.java:1212)
	at org.testng.TestNG.runSuitesLocally(TestNG.java:1134)
	at org.testng.TestNG.runSuites(TestNG.java:1063)
	at org.testng.TestNG.run(TestNG.java:1031)
	at org.apache.maven.surefire.testng.TestNGExecutor.run(TestNGExecutor.java:136)
	at org.apache.maven.surefire.testng.TestNGDirectoryTestSuite.executeMulti(TestNGDirectoryTestSuite.java:193)
	at org.apache.maven.surefire.testng.TestNGDirectoryTestSuite.execute(TestNGDirectoryTestSuite.java:94)
	at org.apache.maven.surefire.testng.TestNGProvider.invoke(TestNGProvider.java:145)
	at org.apache.maven.surefire.booter.ForkedBooter.runSuitesInProcess(ForkedBooter.java:428)
	at org.apache.maven.surefire.booter.ForkedBooter.execute(ForkedBooter.java:162)
	at org.apache.maven.surefire.booter.ForkedBooter.run(ForkedBooter.java:562)
	at org.apache.maven.surefire.booter.ForkedBooter.main(ForkedBooter.java:548)
</pre></div></td>
<td>35</td>
<td>runner.CucumberRunner@1863d2fe</td></tr>
</table><p>
<table width='100%' border='1' class='invocation-passed'>
<tr><td colspan='4' align='center'><b>PASSED TESTS</b></td></tr>
<tr><td><b>Test method</b></td>
<td width="30%"><b>Exception</b></td>
<td width="10%"><b>Time (seconds)</b></td>
<td><b>Instance</b></td>
</tr>
<tr>
<td title='runner.getConvertionRunner.runScenario()'><b>runScenario</b><br>Test class: runner.getConvertionRunner<br>Test method: Runs Cucumber Scenarios<br>Parameters: "Get the conversion rate for the given Currency", "Get Conversion Rate"</td>
<td></td>
<td>6</td>
<td>runner.getConvertionRunner@6b58b9e9</td></tr>
</table><p>
</body>
</html>