<!DOCTYPE html PUBLIC "-//W3C//DTD XHTML 1.1//EN" "https://www.w3.org/TR/xhtml11/DTD/xhtml11.dtd">
<html xmlns="https://www.w3.org/1999/xhtml">
<head>
<meta http-equiv="content-type" content="text/html; charset=UTF-8"/>
<title>TestNG Report</title>
<style type="text/css">table {margin-bottom:10px;border-collapse:collapse;empty-cells:show}th,td {border:1px solid #009;padding:.25em .5em}th {vertical-align:bottom}td {vertical-align:top}table a {font-weight:bold}.stripe td {background-color: #E6EBF9}.num {text-align:right}.passedodd td {background-color: #3F3}.passedeven td {background-color: #0A0}.skippedodd td {background-color: #DDD}.skippedeven td {background-color: #CCC}.failedodd td,.attn {background-color: #F33}.failedeven td,.stripe .attn {background-color: #D00}.stacktrace {white-space:pre;font-family:monospace}.totop {font-size:85%;text-align:center;border-bottom:2px solid #000}.invisible {display:none}</style>
</head>
<body>
<table>
<tr><th>Test</th><th># Passed</th><th># Skipped</th><th># Retried</th><th># Failed</th><th>Time (ms)</th><th>Included Groups</th><th>Excluded Groups</th></tr>
<tr><th colspan="8">Surefire suite</th></tr>
<tr><td><a href="#t0">Surefire test</a></td><td class="num">1</td><td class="num">0</td><td class="num">0</td><td class="num attn">1</td><td class="num">82,871</td><td></td><td></td></tr>
</table>
<table id='summary'><thead><tr><th>Class</th><th>Method</th><th>Start</th><th>Time (ms)</th></tr></thead><tbody><tr><th colspan="4">Surefire suite</th></tr></tbody><tbody id="t0"><tr><th colspan="4">Surefire test &#8212; failed (configuration methods)</th></tr><tr class="failedeven"><td rowspan="1">runner.CucumberRunner</td><td><a href="#m0">tearDownClass</a></td><td rowspan="1">1712822299135</td><td rowspan="1">39276</td></tr><tr><th colspan="4">Surefire test &#8212; failed</th></tr><tr class="failedeven"><td rowspan="1">runner.CucumberRunner</td><td><a href="#m1">runScenario</a></td><td rowspan="1">1712822263378</td><td rowspan="1">35738</td></tr><tr><th colspan="4">Surefire test &#8212; passed</th></tr><tr class="passedeven"><td rowspan="1">runner.getConvertionRunner</td><td><a href="#m2">runScenario</a></td><td rowspan="1">1712822338520</td><td rowspan="1">6403</td></tr></tbody>
</table>
<h2>Surefire test</h2><h3 id="m0">runner.CucumberRunner#tearDownClass</h3><table class="result"><tr><th>Exception</th></tr><tr><td><div class="stacktrace">java.lang.RuntimeException: java.io.IOException: HTTP request failed:
&gt; PUT https://cucumber-messages-app-s3bucket-61aropwgu4ox.s3.eu-west-3.amazonaws.com/reports/551c1619-5d46-44b2-b1e0-03d414d57ded?X-Amz-Algorithm=AWS4-HMAC-SHA256&amp;X-Amz-Credential=ASIAWE4HTFKN3QBGRCHO%2F20240411%2Feu-west-3%2Fs3%2Faws4_request&amp;X-Amz-Date=20240411T075819Z&amp;X-Amz-Expires=900&amp;X-Amz-Security-Token=IQoJb3JpZ2luX2VjEAgaCWV1LXdlc3QtMyJHMEUCIQCRGOoRZHONNWSsdQTvm5pq74PcOyEtdhxppKdxiY%2FHXwIgVMXTrUFyX5KLYN5RkAQGh6JwPjtFnSp4tp1f3SIiY%2FUqvQMIQRADGgw0MjI4MDE3NzkzNTUiDNjN7UfU%2BTBzhoZ7diqaA5sfGE0NNPCrUtc9WW2q5RQElgVuRnT1SZJ2orSBXBTBCmbTzkH7HUWVfVtwIcao1ZQaYNpt4TBmH0DVGlZ%2BTDHpNCfmNc9vEwrFmQR5ELM%2BcKBJmRAi%2BMD9o1rUmxditge4YtUEHSDCFS1AuaYf76mcfsoqaO9Os8%2BBRRpFYBaLH8S6JL%2Fgh9RR71nHb7cbXMBwanmAM8rcRDp6sYXUMGSA8b%2FU2O%2FJHTDKScVVE60GRkt8q7wlT16ZnFDqWPJ3VZTQQGtuAwWLQrk9jpo%2F3l43rckTKE1Qlog3XDoEuEYasFxq75RMP2UFeD7YlbJeYHR6Jaua%2FdsUmpS691rWTLGnYbRA4wCnhSsHWUNGFHXP%2BonHrxJ1ZlW%2BlI6xgfe%2Fs2%2FyTo2Pozy8JPxKJ9SpngMDCLd86068hGPvoorpoitaHgdl%2Fj5wUT%2FS5kXVnk9UBWN%2BUjxa7xn7i8I6KiV9sSWkDOxp17xPQOAq7s3ylpdD8B57jY34rPKMerpvCYQdJGsw2izOi67YmyGYFNVmbcsZflX6LNukWxo5MJmn3rAGOp4BYb5QYM%2FF95%2FCVZJOwBJxsIJ%2FKvhHuLV3y0gAQk%2FwBpIzZ7oGRh4YBw0kpLB6MDsz1e34F3VfCTC317KBC5M2kXaAwEMqCx7Xqe9fit3t1%2BNGezqsFoy2J80qekTsvIm0Phea1ckYgY21t6LN3FkmvfVw3XWjka1uo134wEuzlD%2FkMh9cZSt9wB0R6V%2FLY39%2FuKfsL%2BgKA4PKLU%2FlZ%2Bk%3D&amp;X-Amz-Signature=9f0a00e0e4ee3f512c7839a32c78e78b85db2b0a0ffd7eec1f6f0db5f9e17672&amp;X-Amz-SignedHeaders=host


	at io.cucumber.core.plugin.MessageFormatter.writeMessage(MessageFormatter.java:32)
	at io.cucumber.core.eventbus.AbstractEventPublisher.send(AbstractEventPublisher.java:51)
	at io.cucumber.core.eventbus.AbstractEventBus.send(AbstractEventBus.java:12)
	at io.cucumber.core.runtime.SynchronizedEventBus.send(SynchronizedEventBus.java:47)
	at io.cucumber.core.runtime.CucumberExecutionContext.emitTestRunFinished(CucumberExecutionContext.java:117)
	at io.cucumber.core.runtime.CucumberExecutionContext.finishTestRun(CucumberExecutionContext.java:98)
	at io.cucumber.testng.TestNGCucumberRunner.finish(TestNGCucumberRunner.java:145)
	at io.cucumber.testng.AbstractTestNGCucumberTests.tearDownClass(AbstractTestNGCucumberTests.java:57)
	at java.base/java.util.ArrayList.forEach(ArrayList.java:1511)
Caused by: java.io.IOException: HTTP request failed:
&gt; PUT https://cucumber-messages-app-s3bucket-61aropwgu4ox.s3.eu-west-3.amazonaws.com/reports/551c1619-5d46-44b2-b1e0-03d414d57ded?X-Amz-Algorithm=AWS4-HMAC-SHA256&amp;X-Amz-Credential=ASIAWE4HTFKN3QBGRCHO%2F20240411%2Feu-west-3%2Fs3%2Faws4_request&amp;X-Amz-Date=20240411T075819Z&amp;X-Amz-Expires=900&amp;X-Amz-Security-Token=IQoJb3JpZ2luX2VjEAgaCWV1LXdlc3QtMyJHMEUCIQCRGOoRZHONNWSsdQTvm5pq74PcOyEtdhxppKdxiY%2FHXwIgVMXTrUFyX5KLYN5RkAQGh6JwPjtFnSp4tp1f3SIiY%2FUqvQMIQRADGgw0MjI4MDE3NzkzNTUiDNjN7UfU%2BTBzhoZ7diqaA5sfGE0NNPCrUtc9WW2q5RQElgVuRnT1SZJ2orSBXBTBCmbTzkH7HUWVfVtwIcao1ZQaYNpt4TBmH0DVGlZ%2BTDHpNCfmNc9vEwrFmQR5ELM%2BcKBJmRAi%2BMD9o1rUmxditge4YtUEHSDCFS1AuaYf76mcfsoqaO9Os8%2BBRRpFYBaLH8S6JL%2Fgh9RR71nHb7cbXMBwanmAM8rcRDp6sYXUMGSA8b%2FU2O%2FJHTDKScVVE60GRkt8q7wlT16ZnFDqWPJ3VZTQQGtuAwWLQrk9jpo%2F3l43rckTKE1Qlog3XDoEuEYasFxq75RMP2UFeD7YlbJeYHR6Jaua%2FdsUmpS691rWTLGnYbRA4wCnhSsHWUNGFHXP%2BonHrxJ1ZlW%2BlI6xgfe%2Fs2%2FyTo2Pozy8JPxKJ9SpngMDCLd86068hGPvoorpoitaHgdl%2Fj5wUT%2FS5kXVnk9UBWN%2BUjxa7xn7i8I6KiV9sSWkDOxp17xPQOAq7s3ylpdD8B57jY34rPKMerpvCYQdJGsw2izOi67YmyGYFNVmbcsZflX6LNukWxo5MJmn3rAGOp4BYb5QYM%2FF95%2FCVZJOwBJxsIJ%2FKvhHuLV3y0gAQk%2FwBpIzZ7oGRh4YBw0kpLB6MDsz1e34F3VfCTC317KBC5M2kXaAwEMqCx7Xqe9fit3t1%2BNGezqsFoy2J80qekTsvIm0Phea1ckYgY21t6LN3FkmvfVw3XWjka1uo134wEuzlD%2FkMh9cZSt9wB0R6V%2FLY39%2FuKfsL%2BgKA4PKLU%2FlZ%2Bk%3D&amp;X-Amz-Signature=9f0a00e0e4ee3f512c7839a32c78e78b85db2b0a0ffd7eec1f6f0db5f9e17672&amp;X-Amz-SignedHeaders=host


	at io.cucumber.core.plugin.UrlOutputStream.createCurlLikeException(UrlOutputStream.java:150)
	at io.cucumber.core.plugin.UrlOutputStream.sendRequestBody(UrlOutputStream.java:116)
	at io.cucumber.core.plugin.UrlOutputStream.sendRequest(UrlOutputStream.java:94)
	at io.cucumber.core.plugin.UrlOutputStream.sendRequest(UrlOutputStream.java:90)
	at io.cucumber.core.plugin.UrlOutputStream.close(UrlOutputStream.java:65)
	at java.base/sun.nio.cs.StreamEncoder.implClose(StreamEncoder.java:443)
	at java.base/sun.nio.cs.StreamEncoder.lockedClose(StreamEncoder.java:241)
	at java.base/sun.nio.cs.StreamEncoder.close(StreamEncoder.java:232)
	at java.base/java.io.OutputStreamWriter.close(OutputStreamWriter.java:267)
	at io.cucumber.core.plugin.MessageFormatter.writeMessage(MessageFormatter.java:29)
	... 36 more
Caused by: javax.net.ssl.SSLHandshakeException: Remote host terminated the handshake
	at java.base/sun.security.ssl.SSLSocketImpl.handleEOF(SSLSocketImpl.java:1718)
	at java.base/sun.security.ssl.SSLSocketImpl.decode(SSLSocketImpl.java:1518)
	at java.base/sun.security.ssl.SSLSocketImpl.readHandshakeRecord(SSLSocketImpl.java:1425)
	at java.base/sun.security.ssl.SSLSocketImpl.startHandshake(SSLSocketImpl.java:455)
	at java.base/sun.security.ssl.SSLSocketImpl.startHandshake(SSLSocketImpl.java:426)
	at java.base/sun.net.www.protocol.https.HttpsClient.afterConnect(HttpsClient.java:578)
	at java.base/sun.net.www.protocol.https.AbstractDelegateHttpsURLConnection.connect(AbstractDelegateHttpsURLConnection.java:187)
	at java.base/sun.net.www.protocol.http.HttpURLConnection.getOutputStream0(HttpURLConnection.java:1429)
	at java.base/sun.net.www.protocol.http.HttpURLConnection.getOutputStream(HttpURLConnection.java:1400)
	at java.base/sun.net.www.protocol.https.HttpsURLConnectionImpl.getOutputStream(HttpsURLConnectionImpl.java:220)
	at io.cucumber.core.plugin.UrlOutputStream.sendRequestBody(UrlOutputStream.java:111)
	... 44 more
Caused by: java.io.EOFException: SSL peer shut down incorrectly
	at java.base/sun.security.ssl.SSLSocketInputRecord.read(SSLSocketInputRecord.java:482)
	at java.base/sun.security.ssl.SSLSocketInputRecord.readHeader(SSLSocketInputRecord.java:471)
	at java.base/sun.security.ssl.SSLSocketInputRecord.decode(SSLSocketInputRecord.java:160)
	at java.base/sun.security.ssl.SSLTransport.decode(SSLTransport.java:111)
	at java.base/sun.security.ssl.SSLSocketImpl.decode(SSLSocketImpl.java:1510)
	... 53 more
... Removed 28 stack frames</div></td></tr></table><p class="totop"><a href="#summary">back to summary</a></p>
<h3 id="m1">runner.CucumberRunner#runScenario</h3><table class="result"><tr class="param"><th>Parameter #1</th><th>Parameter #2</th></tr><tr class="param stripe"><td>&quot;Verify order id on placing the order&quot;</td><td>&quot;Purchase HairProduct functionality of netilfy application&quot;</td></tr><tr><th colspan="2">Exception</th></tr><tr><td colspan="2"><div class="stacktrace">io.cucumber.testng.UndefinedStepException: The step &apos;verify the order id and print in the console&apos; is undefined.
You can implement this step using the snippet(s) below:

@Then(&quot;verify the order id and print in the console&quot;)
public void verify_the_order_id_and_print_in_the_console() {
    // Write code here that turns the phrase above into concrete actions
    throw new io.cucumber.java.PendingException();
}

	at io.cucumber.core.runtime.TestCaseResultObserver.assertTestCasePassed(TestCaseResultObserver.java:69)
	at io.cucumber.testng.TestCaseResultObserver.assertTestCasePassed(TestCaseResultObserver.java:23)
	at io.cucumber.testng.TestNGCucumberRunner.lambda$runScenario$1(TestNGCucumberRunner.java:133)
	at io.cucumber.core.runtime.CucumberExecutionContext.lambda$runTestCase$5(CucumberExecutionContext.java:129)
	at io.cucumber.core.runtime.RethrowingThrowableCollector.executeAndThrow(RethrowingThrowableCollector.java:23)
	at io.cucumber.core.runtime.CucumberExecutionContext.runTestCase(CucumberExecutionContext.java:129)
	at io.cucumber.testng.TestNGCucumberRunner.runScenario(TestNGCucumberRunner.java:129)
	at io.cucumber.testng.AbstractTestNGCucumberTests.runScenario(AbstractTestNGCucumberTests.java:35)
	at java.base/java.util.ArrayList.forEach(ArrayList.java:1511)
... Removed 30 stack frames</div></td></tr></table><p class="totop"><a href="#summary">back to summary</a></p>
<h3 id="m2">runner.getConvertionRunner#runScenario</h3><table class="result"><tr class="param"><th>Parameter #1</th><th>Parameter #2</th></tr><tr class="param stripe"><td>&quot;Get the conversion rate for the given Currency&quot;</td><td>&quot;Get Conversion Rate&quot;</td></tr></table><p class="totop"><a href="#summary">back to summary</a></p>
</body>
</html>
