<?xml version="1.0" encoding="UTF-8"?>
<testng-results ignored="0" total="2" passed="1" failed="1" skipped="0">
  <reporter-output>
  </reporter-output>
  <suite started-at="2024-04-11T13:27:42 IST" name="Surefire suite" finished-at="2024-04-11T13:29:04 IST" duration-ms="82871">
    <groups>
      <group name="cucumber">
        <method signature="AbstractTestNGCucumberTests.runScenario(io.cucumber.testng.PickleWrapper,io.cucumber.testng.FeatureWrapper)[pri:0, instance:runner.CucumberRunner@1863d2fe]" name="runScenario" class="io.cucumber.testng.AbstractTestNGCucumberTests"/>
        <method signature="AbstractTestNGCucumberTests.runScenario(io.cucumber.testng.PickleWrapper,io.cucumber.testng.FeatureWrapper)[pri:0, instance:runner.getConvertionRunner@6b58b9e9]" name="runScenario" class="io.cucumber.testng.AbstractTestNGCucumberTests"/>
      </group> <!-- cucumber -->
    </groups>
    <test started-at="2024-04-11T13:27:42 IST" name="Surefire test" finished-at="2024-04-11T13:29:04 IST" duration-ms="82871">
      <class name="runner.getConvertionRunner">
        <test-method is-config="true" signature="setUpClass(org.testng.ITestContext)[pri:0, instance:runner.getConvertionRunner@6b58b9e9]" started-at="2024-04-11T13:28:58 IST" name="setUpClass" finished-at="2024-04-11T13:28:58 IST" duration-ms="42" status="PASS">
          <params>
            <param index="0">
              <value>
                <![CDATA[org.testng.TestRunner@19ce19b7]]>
              </value>
            </param>
          </params>
          <reporter-output>
          </reporter-output>
        </test-method> <!-- setUpClass -->
        <test-method signature="runScenario(io.cucumber.testng.PickleWrapper,io.cucumber.testng.FeatureWrapper)[pri:0, instance:runner.getConvertionRunner@6b58b9e9]" started-at="2024-04-11T13:28:58 IST" name="runScenario" description="Runs Cucumber Scenarios" data-provider="scenarios" finished-at="2024-04-11T13:29:04 IST" duration-ms="6403" status="PASS">
          <params>
            <param index="0">
              <value>
                <![CDATA["Get the conversion rate for the given Currency"]]>
              </value>
            </param>
            <param index="1">
              <value>
                <![CDATA["Get Conversion Rate"]]>
              </value>
            </param>
          </params>
          <reporter-output>
          </reporter-output>
        </test-method> <!-- runScenario -->
        <test-method is-config="true" signature="tearDownClass()[pri:0, instance:runner.getConvertionRunner@6b58b9e9]" started-at="2024-04-11T13:29:04 IST" name="tearDownClass" finished-at="2024-04-11T13:29:04 IST" duration-ms="19" status="PASS">
          <reporter-output>
          </reporter-output>
        </test-method> <!-- tearDownClass -->
      </class> <!-- runner.getConvertionRunner -->
      <class name="runner.CucumberRunner">
        <test-method is-config="true" signature="setUpClass(org.testng.ITestContext)[pri:0, instance:runner.CucumberRunner@1863d2fe]" started-at="2024-04-11T13:27:42 IST" name="setUpClass" finished-at="2024-04-11T13:27:43 IST" duration-ms="1249" status="PASS">
          <params>
            <param index="0">
              <value>
                <![CDATA[org.testng.TestRunner@19ce19b7]]>
              </value>
            </param>
          </params>
          <reporter-output>
          </reporter-output>
        </test-method> <!-- setUpClass -->
        <test-method signature="runScenario(io.cucumber.testng.PickleWrapper,io.cucumber.testng.FeatureWrapper)[pri:0, instance:runner.CucumberRunner@1863d2fe]" started-at="2024-04-11T13:27:43 IST" name="runScenario" description="Runs Cucumber Scenarios" data-provider="scenarios" finished-at="2024-04-11T13:28:19 IST" duration-ms="35738" status="FAIL">
          <params>
            <param index="0">
              <value>
                <![CDATA["Verify order id on placing the order"]]>
              </value>
            </param>
            <param index="1">
              <value>
                <![CDATA["Purchase HairProduct functionality of netilfy application"]]>
              </value>
            </param>
          </params>
          <exception class="io.cucumber.testng.UndefinedStepException">
            <message>
              <![CDATA[The step 'verify the order id and print in the console' is undefined.
You can implement this step using the snippet(s) below:

@Then("verify the order id and print in the console")
public void verify_the_order_id_and_print_in_the_console() {
    // Write code here that turns the phrase above into concrete actions
    throw new io.cucumber.java.PendingException();
}
]]>
            </message>
            <full-stacktrace>
              <![CDATA[io.cucumber.testng.UndefinedStepException: The step 'verify the order id and print in the console' is undefined.
You can implement this step using the snippet(s) below:

@Then("verify the order id and print in the console")
public void verify_the_order_id_and_print_in_the_console() {
    // Write code here that turns the phrase above into concrete actions
    throw new io.cucumber.java.PendingException();
}

at io.cucumber.core.runtime.TestCaseResultObserver.assertTestCasePassed(TestCaseResultObserver.java:69)
at io.cucumber.testng.TestCaseResultObserver.assertTestCasePassed(TestCaseResultObserver.java:23)
at io.cucumber.testng.TestNGCucumberRunner.lambda$runScenario$1(TestNGCucumberRunner.java:133)
at io.cucumber.core.runtime.CucumberExecutionContext.lambda$runTestCase$5(CucumberExecutionContext.java:129)
at io.cucumber.core.runtime.RethrowingThrowableCollector.executeAndThrow(RethrowingThrowableCollector.java:23)
at io.cucumber.core.runtime.CucumberExecutionContext.runTestCase(CucumberExecutionContext.java:129)
at io.cucumber.testng.TestNGCucumberRunner.runScenario(TestNGCucumberRunner.java:129)
at io.cucumber.testng.AbstractTestNGCucumberTests.runScenario(AbstractTestNGCucumberTests.java:35)
at java.base/jdk.internal.reflect.DirectMethodHandleAccessor.invoke(DirectMethodHandleAccessor.java:104)
at java.base/java.lang.reflect.Method.invoke(Method.java:578)
at org.testng.internal.MethodInvocationHelper.invokeMethod(MethodInvocationHelper.java:133)
at org.testng.internal.TestInvoker.invokeMethod(TestInvoker.java:598)
at org.testng.internal.TestInvoker.invokeTestMethod(TestInvoker.java:173)
at org.testng.internal.MethodRunner.runInSequence(MethodRunner.java:46)
at org.testng.internal.TestInvoker$MethodInvocationAgent.invoke(TestInvoker.java:824)
at org.testng.internal.TestInvoker.invokeTestMethods(TestInvoker.java:146)
at org.testng.internal.TestMethodWorker.invokeTestMethods(TestMethodWorker.java:146)
at org.testng.internal.TestMethodWorker.run(TestMethodWorker.java:128)
at java.base/java.util.ArrayList.forEach(ArrayList.java:1511)
at org.testng.TestRunner.privateRun(TestRunner.java:794)
at org.testng.TestRunner.run(TestRunner.java:596)
at org.testng.SuiteRunner.runTest(SuiteRunner.java:377)
at org.testng.SuiteRunner.runSequentially(SuiteRunner.java:371)
at org.testng.SuiteRunner.privateRun(SuiteRunner.java:332)
at org.testng.SuiteRunner.run(SuiteRunner.java:276)
at org.testng.SuiteRunnerWorker.runSuite(SuiteRunnerWorker.java:53)
at org.testng.SuiteRunnerWorker.run(SuiteRunnerWorker.java:96)
at org.testng.TestNG.runSuitesSequentially(TestNG.java:1212)
at org.testng.TestNG.runSuitesLocally(TestNG.java:1134)
at org.testng.TestNG.runSuites(TestNG.java:1063)
at org.testng.TestNG.run(TestNG.java:1031)
at org.apache.maven.surefire.testng.TestNGExecutor.run(TestNGExecutor.java:136)
at org.apache.maven.surefire.testng.TestNGDirectoryTestSuite.executeMulti(TestNGDirectoryTestSuite.java:193)
at org.apache.maven.surefire.testng.TestNGDirectoryTestSuite.execute(TestNGDirectoryTestSuite.java:94)
at org.apache.maven.surefire.testng.TestNGProvider.invoke(TestNGProvider.java:145)
at org.apache.maven.surefire.booter.ForkedBooter.runSuitesInProcess(ForkedBooter.java:428)
at org.apache.maven.surefire.booter.ForkedBooter.execute(ForkedBooter.java:162)
at org.apache.maven.surefire.booter.ForkedBooter.run(ForkedBooter.java:562)
at org.apache.maven.surefire.booter.ForkedBooter.main(ForkedBooter.java:548)
]]>
            </full-stacktrace>
          </exception> <!-- io.cucumber.testng.UndefinedStepException -->
          <reporter-output>
          </reporter-output>
        </test-method> <!-- runScenario -->
        <test-method is-config="true" signature="tearDownClass()[pri:0, instance:runner.CucumberRunner@1863d2fe]" started-at="2024-04-11T13:28:19 IST" name="tearDownClass" finished-at="2024-04-11T13:28:58 IST" duration-ms="39276" status="FAIL">
          <exception class="java.lang.RuntimeException">
            <message>
              <![CDATA[java.io.IOException: HTTP request failed:
> PUT https://cucumber-messages-app-s3bucket-61aropwgu4ox.s3.eu-west-3.amazonaws.com/reports/551c1619-5d46-44b2-b1e0-03d414d57ded?X-Amz-Algorithm=AWS4-HMAC-SHA256&X-Amz-Credential=ASIAWE4HTFKN3QBGRCHO%2F20240411%2Feu-west-3%2Fs3%2Faws4_request&X-Amz-Date=20240411T075819Z&X-Amz-Expires=900&X-Amz-Security-Token=IQoJb3JpZ2luX2VjEAgaCWV1LXdlc3QtMyJHMEUCIQCRGOoRZHONNWSsdQTvm5pq74PcOyEtdhxppKdxiY%2FHXwIgVMXTrUFyX5KLYN5RkAQGh6JwPjtFnSp4tp1f3SIiY%2FUqvQMIQRADGgw0MjI4MDE3NzkzNTUiDNjN7UfU%2BTBzhoZ7diqaA5sfGE0NNPCrUtc9WW2q5RQElgVuRnT1SZJ2orSBXBTBCmbTzkH7HUWVfVtwIcao1ZQaYNpt4TBmH0DVGlZ%2BTDHpNCfmNc9vEwrFmQR5ELM%2BcKBJmRAi%2BMD9o1rUmxditge4YtUEHSDCFS1AuaYf76mcfsoqaO9Os8%2BBRRpFYBaLH8S6JL%2Fgh9RR71nHb7cbXMBwanmAM8rcRDp6sYXUMGSA8b%2FU2O%2FJHTDKScVVE60GRkt8q7wlT16ZnFDqWPJ3VZTQQGtuAwWLQrk9jpo%2F3l43rckTKE1Qlog3XDoEuEYasFxq75RMP2UFeD7YlbJeYHR6Jaua%2FdsUmpS691rWTLGnYbRA4wCnhSsHWUNGFHXP%2BonHrxJ1ZlW%2BlI6xgfe%2Fs2%2FyTo2Pozy8JPxKJ9SpngMDCLd86068hGPvoorpoitaHgdl%2Fj5wUT%2FS5kXVnk9UBWN%2BUjxa7xn7i8I6KiV9sSWkDOxp17xPQOAq7s3ylpdD8B57jY34rPKMerpvCYQdJGsw2izOi67YmyGYFNVmbcsZflX6LNukWxo5MJmn3rAGOp4BYb5QYM%2FF95%2FCVZJOwBJxsIJ%2FKvhHuLV3y0gAQk%2FwBpIzZ7oGRh4YBw0kpLB6MDsz1e34F3VfCTC317KBC5M2kXaAwEMqCx7Xqe9fit3t1%2BNGezqsFoy2J80qekTsvIm0Phea1ckYgY21t6LN3FkmvfVw3XWjka1uo134wEuzlD%2FkMh9cZSt9wB0R6V%2FLY39%2FuKfsL%2BgKA4PKLU%2FlZ%2Bk%3D&X-Amz-Signature=9f0a00e0e4ee3f512c7839a32c78e78b85db2b0a0ffd7eec1f6f0db5f9e17672&X-Amz-SignedHeaders=host

]]>
            </message>
            <full-stacktrace>
              <![CDATA[java.lang.RuntimeException: java.io.IOException: HTTP request failed:
> PUT https://cucumber-messages-app-s3bucket-61aropwgu4ox.s3.eu-west-3.amazonaws.com/reports/551c1619-5d46-44b2-b1e0-03d414d57ded?X-Amz-Algorithm=AWS4-HMAC-SHA256&X-Amz-Credential=ASIAWE4HTFKN3QBGRCHO%2F20240411%2Feu-west-3%2Fs3%2Faws4_request&X-Amz-Date=20240411T075819Z&X-Amz-Expires=900&X-Amz-Security-Token=IQoJb3JpZ2luX2VjEAgaCWV1LXdlc3QtMyJHMEUCIQCRGOoRZHONNWSsdQTvm5pq74PcOyEtdhxppKdxiY%2FHXwIgVMXTrUFyX5KLYN5RkAQGh6JwPjtFnSp4tp1f3SIiY%2FUqvQMIQRADGgw0MjI4MDE3NzkzNTUiDNjN7UfU%2BTBzhoZ7diqaA5sfGE0NNPCrUtc9WW2q5RQElgVuRnT1SZJ2orSBXBTBCmbTzkH7HUWVfVtwIcao1ZQaYNpt4TBmH0DVGlZ%2BTDHpNCfmNc9vEwrFmQR5ELM%2BcKBJmRAi%2BMD9o1rUmxditge4YtUEHSDCFS1AuaYf76mcfsoqaO9Os8%2BBRRpFYBaLH8S6JL%2Fgh9RR71nHb7cbXMBwanmAM8rcRDp6sYXUMGSA8b%2FU2O%2FJHTDKScVVE60GRkt8q7wlT16ZnFDqWPJ3VZTQQGtuAwWLQrk9jpo%2F3l43rckTKE1Qlog3XDoEuEYasFxq75RMP2UFeD7YlbJeYHR6Jaua%2FdsUmpS691rWTLGnYbRA4wCnhSsHWUNGFHXP%2BonHrxJ1ZlW%2BlI6xgfe%2Fs2%2FyTo2Pozy8JPxKJ9SpngMDCLd86068hGPvoorpoitaHgdl%2Fj5wUT%2FS5kXVnk9UBWN%2BUjxa7xn7i8I6KiV9sSWkDOxp17xPQOAq7s3ylpdD8B57jY34rPKMerpvCYQdJGsw2izOi67YmyGYFNVmbcsZflX6LNukWxo5MJmn3rAGOp4BYb5QYM%2FF95%2FCVZJOwBJxsIJ%2FKvhHuLV3y0gAQk%2FwBpIzZ7oGRh4YBw0kpLB6MDsz1e34F3VfCTC317KBC5M2kXaAwEMqCx7Xqe9fit3t1%2BNGezqsFoy2J80qekTsvIm0Phea1ckYgY21t6LN3FkmvfVw3XWjka1uo134wEuzlD%2FkMh9cZSt9wB0R6V%2FLY39%2FuKfsL%2BgKA4PKLU%2FlZ%2Bk%3D&X-Amz-Signature=9f0a00e0e4ee3f512c7839a32c78e78b85db2b0a0ffd7eec1f6f0db5f9e17672&X-Amz-SignedHeaders=host


at io.cucumber.core.plugin.MessageFormatter.writeMessage(MessageFormatter.java:32)
at io.cucumber.core.eventbus.AbstractEventPublisher.send(AbstractEventPublisher.java:51)
at io.cucumber.core.eventbus.AbstractEventBus.send(AbstractEventBus.java:12)
at io.cucumber.core.runtime.SynchronizedEventBus.send(SynchronizedEventBus.java:47)
at io.cucumber.core.runtime.CucumberExecutionContext.emitTestRunFinished(CucumberExecutionContext.java:117)
at io.cucumber.core.runtime.CucumberExecutionContext.finishTestRun(CucumberExecutionContext.java:98)
at io.cucumber.testng.TestNGCucumberRunner.finish(TestNGCucumberRunner.java:145)
at io.cucumber.testng.AbstractTestNGCucumberTests.tearDownClass(AbstractTestNGCucumberTests.java:57)
at java.base/jdk.internal.reflect.DirectMethodHandleAccessor.invoke(DirectMethodHandleAccessor.java:104)
at java.base/java.lang.reflect.Method.invoke(Method.java:578)
at org.testng.internal.MethodInvocationHelper.invokeMethod(MethodInvocationHelper.java:133)
at org.testng.internal.MethodInvocationHelper.invokeMethodConsideringTimeout(MethodInvocationHelper.java:62)
at org.testng.internal.ConfigInvoker.invokeConfigurationMethod(ConfigInvoker.java:385)
at org.testng.internal.ConfigInvoker.invokeConfigurations(ConfigInvoker.java:321)
at org.testng.internal.TestMethodWorker.invokeAfterClassMethods(TestMethodWorker.java:217)
at org.testng.internal.TestMethodWorker.run(TestMethodWorker.java:130)
at java.base/java.util.ArrayList.forEach(ArrayList.java:1511)
at org.testng.TestRunner.privateRun(TestRunner.java:794)
at org.testng.TestRunner.run(TestRunner.java:596)
at org.testng.SuiteRunner.runTest(SuiteRunner.java:377)
at org.testng.SuiteRunner.runSequentially(SuiteRunner.java:371)
at org.testng.SuiteRunner.privateRun(SuiteRunner.java:332)
at org.testng.SuiteRunner.run(SuiteRunner.java:276)
at org.testng.SuiteRunnerWorker.runSuite(SuiteRunnerWorker.java:53)
at org.testng.SuiteRunnerWorker.run(SuiteRunnerWorker.java:96)
at org.testng.TestNG.runSuitesSequentially(TestNG.java:1212)
at org.testng.TestNG.runSuitesLocally(TestNG.java:1134)
at org.testng.TestNG.runSuites(TestNG.java:1063)
at org.testng.TestNG.run(TestNG.java:1031)
at org.apache.maven.surefire.testng.TestNGExecutor.run(TestNGExecutor.java:136)
at org.apache.maven.surefire.testng.TestNGDirectoryTestSuite.executeMulti(TestNGDirectoryTestSuite.java:193)
at org.apache.maven.surefire.testng.TestNGDirectoryTestSuite.execute(TestNGDirectoryTestSuite.java:94)
at org.apache.maven.surefire.testng.TestNGProvider.invoke(TestNGProvider.java:145)
at org.apache.maven.surefire.booter.ForkedBooter.runSuitesInProcess(ForkedBooter.java:428)
at org.apache.maven.surefire.booter.ForkedBooter.execute(ForkedBooter.java:162)
at org.apache.maven.surefire.booter.ForkedBooter.run(ForkedBooter.java:562)
at org.apache.maven.surefire.booter.ForkedBooter.main(ForkedBooter.java:548)
Caused by: java.io.IOException: HTTP request failed:
> PUT https://cucumber-messages-app-s3bucket-61aropwgu4ox.s3.eu-west-3.amazonaws.com/reports/551c1619-5d46-44b2-b1e0-03d414d57ded?X-Amz-Algorithm=AWS4-HMAC-SHA256&X-Amz-Credential=ASIAWE4HTFKN3QBGRCHO%2F20240411%2Feu-west-3%2Fs3%2Faws4_request&X-Amz-Date=20240411T075819Z&X-Amz-Expires=900&X-Amz-Security-Token=IQoJb3JpZ2luX2VjEAgaCWV1LXdlc3QtMyJHMEUCIQCRGOoRZHONNWSsdQTvm5pq74PcOyEtdhxppKdxiY%2FHXwIgVMXTrUFyX5KLYN5RkAQGh6JwPjtFnSp4tp1f3SIiY%2FUqvQMIQRADGgw0MjI4MDE3NzkzNTUiDNjN7UfU%2BTBzhoZ7diqaA5sfGE0NNPCrUtc9WW2q5RQElgVuRnT1SZJ2orSBXBTBCmbTzkH7HUWVfVtwIcao1ZQaYNpt4TBmH0DVGlZ%2BTDHpNCfmNc9vEwrFmQR5ELM%2BcKBJmRAi%2BMD9o1rUmxditge4YtUEHSDCFS1AuaYf76mcfsoqaO9Os8%2BBRRpFYBaLH8S6JL%2Fgh9RR71nHb7cbXMBwanmAM8rcRDp6sYXUMGSA8b%2FU2O%2FJHTDKScVVE60GRkt8q7wlT16ZnFDqWPJ3VZTQQGtuAwWLQrk9jpo%2F3l43rckTKE1Qlog3XDoEuEYasFxq75RMP2UFeD7YlbJeYHR6Jaua%2FdsUmpS691rWTLGnYbRA4wCnhSsHWUNGFHXP%2BonHrxJ1ZlW%2BlI6xgfe%2Fs2%2FyTo2Pozy8JPxKJ9SpngMDCLd86068hGPvoorpoitaHgdl%2Fj5wUT%2FS5kXVnk9UBWN%2BUjxa7xn7i8I6KiV9sSWkDOxp17xPQOAq7s3ylpdD8B57jY34rPKMerpvCYQdJGsw2izOi67YmyGYFNVmbcsZflX6LNukWxo5MJmn3rAGOp4BYb5QYM%2FF95%2FCVZJOwBJxsIJ%2FKvhHuLV3y0gAQk%2FwBpIzZ7oGRh4YBw0kpLB6MDsz1e34F3VfCTC317KBC5M2kXaAwEMqCx7Xqe9fit3t1%2BNGezqsFoy2J80qekTsvIm0Phea1ckYgY21t6LN3FkmvfVw3XWjka1uo134wEuzlD%2FkMh9cZSt9wB0R6V%2FLY39%2FuKfsL%2BgKA4PKLU%2FlZ%2Bk%3D&X-Amz-Signature=9f0a00e0e4ee3f512c7839a32c78e78b85db2b0a0ffd7eec1f6f0db5f9e17672&X-Amz-SignedHeaders=host


at io.cucumber.core.plugin.UrlOutputStream.createCurlLikeException(UrlOutputStream.java:150)
at io.cucumber.core.plugin.UrlOutputStream.sendRequestBody(UrlOutputStream.java:116)
at io.cucumber.core.plugin.UrlOutputStream.sendRequest(UrlOutputStream.java:94)
at io.cucumber.core.plugin.UrlOutputStream.sendRequest(UrlOutputStream.java:90)
at io.cucumber.core.plugin.UrlOutputStream.close(UrlOutputStream.java:65)
at java.base/sun.nio.cs.StreamEncoder.implClose(StreamEncoder.java:443)
at java.base/sun.nio.cs.StreamEncoder.lockedClose(StreamEncoder.java:241)
at java.base/sun.nio.cs.StreamEncoder.close(StreamEncoder.java:232)
at java.base/java.io.OutputStreamWriter.close(OutputStreamWriter.java:267)
at io.cucumber.core.plugin.MessageFormatter.writeMessage(MessageFormatter.java:29)
... 36 more
Caused by: javax.net.ssl.SSLHandshakeException: Remote host terminated the handshake
at java.base/sun.security.ssl.SSLSocketImpl.handleEOF(SSLSocketImpl.java:1718)
at java.base/sun.security.ssl.SSLSocketImpl.decode(SSLSocketImpl.java:1518)
at java.base/sun.security.ssl.SSLSocketImpl.readHandshakeRecord(SSLSocketImpl.java:1425)
at java.base/sun.security.ssl.SSLSocketImpl.startHandshake(SSLSocketImpl.java:455)
at java.base/sun.security.ssl.SSLSocketImpl.startHandshake(SSLSocketImpl.java:426)
at java.base/sun.net.www.protocol.https.HttpsClient.afterConnect(HttpsClient.java:578)
at java.base/sun.net.www.protocol.https.AbstractDelegateHttpsURLConnection.connect(AbstractDelegateHttpsURLConnection.java:187)
at java.base/sun.net.www.protocol.http.HttpURLConnection.getOutputStream0(HttpURLConnection.java:1429)
at java.base/sun.net.www.protocol.http.HttpURLConnection.getOutputStream(HttpURLConnection.java:1400)
at java.base/sun.net.www.protocol.https.HttpsURLConnectionImpl.getOutputStream(HttpsURLConnectionImpl.java:220)
at io.cucumber.core.plugin.UrlOutputStream.sendRequestBody(UrlOutputStream.java:111)
... 44 more
Caused by: java.io.EOFException: SSL peer shut down incorrectly
at java.base/sun.security.ssl.SSLSocketInputRecord.read(SSLSocketInputRecord.java:482)
at java.base/sun.security.ssl.SSLSocketInputRecord.readHeader(SSLSocketInputRecord.java:471)
at java.base/sun.security.ssl.SSLSocketInputRecord.decode(SSLSocketInputRecord.java:160)
at java.base/sun.security.ssl.SSLTransport.decode(SSLTransport.java:111)
at java.base/sun.security.ssl.SSLSocketImpl.decode(SSLSocketImpl.java:1510)
... 53 more
]]>
            </full-stacktrace>
          </exception> <!-- java.lang.RuntimeException -->
          <reporter-output>
          </reporter-output>
        </test-method> <!-- tearDownClass -->
      </class> <!-- runner.CucumberRunner -->
    </test> <!-- Surefire test -->
  </suite> <!-- Surefire suite -->
</testng-results>
